# JRE version: Java(TM) SE Runtime Environment (8.0_131-b11) (build 1.8.0_131-b11)
# Java VM: Java HotSpot(TM) 64-Bit Server VM (25.131-b11 mixed mode windows-amd64 compressed oops)
Heap:
 PSYoungGen      total 347648K, used 70429K [0x00000000d5d00000, 0x00000000ecc00000, 0x0000000100000000)
  eden space 336896K, 19% used [0x00000000d5d00000,0x00000000d9e80cf8,0x00000000ea600000)
  from space 10752K, 31% used [0x00000000ec180000,0x00000000ec4c6708,0x00000000ecc00000)
  to   space 19456K, 0% used [0x00000000ea600000,0x00000000ea600000,0x00000000eb900000)
 ParOldGen       total 123392K, used 41368K [0x0000000081600000, 0x0000000088e80000, 0x00000000d5d00000)
  object space 123392K, 33% used [0x0000000081600000,0x0000000083e663f8,0x0000000088e80000)
 Metaspace       used 58133K, capacity 60725K, committed 60952K, reserved 1101824K
  class space    used 7448K, capacity 7939K, committed 7976K, reserved 1048576K
GC Heap History (10 events):
Event: 18.061 GC heap before
{Heap before GC invocations=11 (full 2):
 PSYoungGen      total 217088K, used 204288K [0x00000000d5d00000, 0x00000000e4e00000, 0x0000000100000000)
  eden space 204288K, 100% used [0x00000000d5d00000,0x00000000e2480000,0x00000000e2480000)
  from space 12800K, 0% used [0x00000000e3200000,0x00000000e3200000,0x00000000e3e80000)
  to   space 13824K, 0% used [0x00000000e2480000,0x00000000e2480000,0x00000000e3200000)
 ParOldGen       total 80384K, used 20289K [0x0000000081600000, 0x0000000086480000, 0x00000000d5d00000)
  object space 80384K, 25% used [0x0000000081600000,0x00000000829d0418,0x0000000086480000)
 Metaspace       used 40276K, capacity 42033K, committed 42280K, reserved 1085440K
  class space    used 5264K, capacity 5603K, committed 5672K, reserved 1048576K
Event: 18.082 GC heap after
Heap after GC invocations=11 (full 2):
 PSYoungGen      total 218112K, used 13133K [0x00000000d5d00000, 0x00000000e8780000, 0x0000000100000000)
  eden space 204288K, 0% used [0x00000000d5d00000,0x00000000d5d00000,0x00000000e2480000)
  from space 13824K, 95% used [0x00000000e2480000,0x00000000e3153400,0x00000000e3200000)
  to   space 15360K, 0% used [0x00000000e7880000,0x00000000e7880000,0x00000000e8780000)
 ParOldGen       total 80384K, used 20297K [0x0000000081600000, 0x0000000086480000, 0x00000000d5d00000)
  object space 80384K, 25% used [0x0000000081600000,0x00000000829d2418,0x0000000086480000)
 Metaspace       used 40276K, capacity 42033K, committed 42280K, reserved 1085440K
  class space    used 5264K, capacity 5603K, committed 5672K, reserved 1048576K
}
Event: 22.065 GC heap before
{Heap before GC invocations=12 (full 2):
 PSYoungGen      total 218112K, used 217421K [0x00000000d5d00000, 0x00000000e8780000, 0x0000000100000000)
  eden space 204288K, 100% used [0x00000000d5d00000,0x00000000e2480000,0x00000000e2480000)
  from space 13824K, 95% used [0x00000000e2480000,0x00000000e3153400,0x00000000e3200000)
  to   space 15360K, 0% used [0x00000000e7880000,0x00000000e7880000,0x00000000e8780000)
 ParOldGen       total 80384K, used 20297K [0x0000000081600000, 0x0000000086480000, 0x00000000d5d00000)
  object space 80384K, 25% used [0x0000000081600000,0x00000000829d2418,0x0000000086480000)
 Metaspace       used 46057K, capacity 48181K, committed 48424K, reserved 1091584K
  class space    used 6029K, capacity 6428K, committed 6440K, reserved 1048576K
Event: 22.113 GC heap after
Heap after GC invocations=12 (full 2):
 PSYoungGen      total 285184K, used 15347K [0x00000000d5d00000, 0x00000000e8880000, 0x0000000100000000)
  eden space 269824K, 0% used [0x00000000d5d00000,0x00000000d5d00000,0x00000000e6480000)
  from space 15360K, 99% used [0x00000000e7880000,0x00000000e877cfa8,0x00000000e8780000)
  to   space 18432K, 0% used [0x00000000e6480000,0x00000000e6480000,0x00000000e7680000)
 ParOldGen       total 80384K, used 24091K [0x0000000081600000, 0x0000000086480000, 0x00000000d5d00000)
  object space 80384K, 29% used [0x0000000081600000,0x0000000082d86d68,0x0000000086480000)
 Metaspace       used 46057K, capacity 48181K, committed 48424K, reserved 1091584K
  class space    used 6029K, capacity 6428K, committed 6440K, reserved 1048576K
}
Event: 40.797 GC heap before
{Heap before GC invocations=13 (full 2):
 PSYoungGen      total 285184K, used 175507K [0x00000000d5d00000, 0x00000000e8880000, 0x0000000100000000)
  eden space 269824K, 59% used [0x00000000d5d00000,0x00000000df967e50,0x00000000e6480000)
  from space 15360K, 99% used [0x00000000e7880000,0x00000000e877cfa8,0x00000000e8780000)
  to   space 18432K, 0% used [0x00000000e6480000,0x00000000e6480000,0x00000000e7680000)
 ParOldGen       total 80384K, used 24091K [0x0000000081600000, 0x0000000086480000, 0x00000000d5d00000)
  object space 80384K, 29% used [0x0000000081600000,0x0000000082d86d68,0x0000000086480000)
 Metaspace       used 56738K, capacity 59055K, committed 59160K, reserved 1101824K
  class space    used 7264K, capacity 7708K, committed 7720K, reserved 1048576K
Event: 40.845 GC heap after
Heap after GC invocations=13 (full 2):
 PSYoungGen      total 288256K, used 13379K [0x00000000d5d00000, 0x00000000ed400000, 0x0000000100000000)
  eden space 269824K, 0% used [0x00000000d5d00000,0x00000000d5d00000,0x00000000e6480000)
  from space 18432K, 72% used [0x00000000e6480000,0x00000000e7190df0,0x00000000e7680000)
  to   space 18944K, 0% used [0x00000000ec180000,0x00000000ec180000,0x00000000ed400000)
 ParOldGen       total 80384K, used 37568K [0x0000000081600000, 0x0000000086480000, 0x00000000d5d00000)
  object space 80384K, 46% used [0x0000000081600000,0x0000000083ab02d0,0x0000000086480000)
 Metaspace       used 56738K, capacity 59055K, committed 59160K, reserved 1101824K
  class space    used 7264K, capacity 7708K, committed 7720K, reserved 1048576K
}
Event: 40.845 GC heap before
{Heap before GC invocations=14 (full 3):
 PSYoungGen      total 288256K, used 13379K [0x00000000d5d00000, 0x00000000ed400000, 0x0000000100000000)
  eden space 269824K, 0% used [0x00000000d5d00000,0x00000000d5d00000,0x00000000e6480000)
  from space 18432K, 72% used [0x00000000e6480000,0x00000000e7190df0,0x00000000e7680000)
  to   space 18944K, 0% used [0x00000000ec180000,0x00000000ec180000,0x00000000ed400000)
 ParOldGen       total 80384K, used 37568K [0x0000000081600000, 0x0000000086480000, 0x00000000d5d00000)
  object space 80384K, 46% used [0x0000000081600000,0x0000000083ab02d0,0x0000000086480000)
 Metaspace       used 56738K, capacity 59055K, committed 59160K, reserved 1101824K
  class space    used 7264K, capacity 7708K, committed 7720K, reserved 1048576K
Event: 41.359 GC heap after
Heap after GC invocations=14 (full 3):
 PSYoungGen      total 288256K, used 0K [0x00000000d5d00000, 0x00000000ed400000, 0x0000000100000000)
  eden space 269824K, 0% used [0x00000000d5d00000,0x00000000d5d00000,0x00000000e6480000)
  from space 18432K, 0% used [0x00000000e6480000,0x00000000e6480000,0x00000000e7680000)
  to   space 18944K, 0% used [0x00000000ec180000,0x00000000ec180000,0x00000000ed400000)
 ParOldGen       total 123392K, used 41360K [0x0000000081600000, 0x0000000088e80000, 0x00000000d5d00000)
  object space 123392K, 33% used [0x0000000081600000,0x0000000083e643f8,0x0000000088e80000)
 Metaspace       used 56732K, capacity 59043K, committed 59160K, reserved 1101824K
  class space    used 7263K, capacity 7706K, committed 7720K, reserved 1048576K
}
Event: 128.345 GC heap before
{Heap before GC invocations=15 (full 3):
 PSYoungGen      total 288256K, used 269824K [0x00000000d5d00000, 0x00000000ed400000, 0x0000000100000000)
  eden space 269824K, 100% used [0x00000000d5d00000,0x00000000e6480000,0x00000000e6480000)
  from space 18432K, 0% used [0x00000000e6480000,0x00000000e6480000,0x00000000e7680000)
  to   space 18944K, 0% used [0x00000000ec180000,0x00000000ec180000,0x00000000ed400000)
 ParOldGen       total 123392K, used 41360K [0x0000000081600000, 0x0000000088e80000, 0x00000000d5d00000)
  object space 123392K, 33% used [0x0000000081600000,0x0000000083e643f8,0x0000000088e80000)
 Metaspace       used 58133K, capacity 60725K, committed 60952K, reserved 1101824K
  class space    used 7448K, capacity 7939K, committed 7976K, reserved 1048576K
Event: 128.352 GC heap after
Heap after GC invocations=15 (full 3):
 PSYoungGen      total 347648K, used 3353K [0x00000000d5d00000, 0x00000000ecc00000, 0x0000000100000000)
  eden space 336896K, 0% used [0x00000000d5d00000,0x00000000d5d00000,0x00000000ea600000)
  from space 10752K, 31% used [0x00000000ec180000,0x00000000ec4c6708,0x00000000ecc00000)
  to   space 19456K, 0% used [0x00000000ea600000,0x00000000ea600000,0x00000000eb900000)
 ParOldGen       total 123392K, used 41368K [0x0000000081600000, 0x0000000088e80000, 0x00000000d5d00000)
  object space 123392K, 33% used [0x0000000081600000,0x0000000083e663f8,0x0000000088e80000)
 Metaspace       used 58133K, capacity 60725K, committed 60952K, reserved 1101824K
  class space    used 7448K, capacity 7939K, committed 7976K, reserved 1048576K
}

