# JRE version: Java(TM) SE Runtime Environment (8.0_131-b11) (build 1.8.0_131-b11)
# Java VM: Java HotSpot(TM) 64-Bit Server VM (25.131-b11 mixed mode windows-amd64 compressed oops)
Heap:
 PSYoungGen      total 335872K, used 314859K [0x00000000d5d00000, 0x00000000f1880000, 0x0000000100000000)
  eden space 318976K, 98% used [0x00000000d5d00000,0x00000000e8f8ac98,0x00000000e9480000)
  from space 16896K, 5% used [0x00000000e9480000,0x00000000e9570000,0x00000000ea500000)
  to   space 17408K, 0% used [0x00000000f0780000,0x00000000f0780000,0x00000000f1880000)
 ParOldGen       total 123392K, used 42119K [0x0000000081600000, 0x0000000088e80000, 0x00000000d5d00000)
  object space 123392K, 34% used [0x0000000081600000,0x0000000083f21c38,0x0000000088e80000)
 Metaspace       used 56552K, capacity 59256K, committed 59416K, reserved 1101824K
  class space    used 7296K, capacity 7804K, committed 7848K, reserved 1048576K
GC Heap History (10 events):
Event: 11.728 GC heap before
{Heap before GC invocations=12 (full 2):
 PSYoungGen      total 181760K, used 167936K [0x00000000d5d00000, 0x00000000e6b00000, 0x0000000100000000)
  eden space 167936K, 100% used [0x00000000d5d00000,0x00000000e0100000,0x00000000e0100000)
  from space 13824K, 0% used [0x00000000e0100000,0x00000000e0100000,0x00000000e0e80000)
  to   space 13824K, 0% used [0x00000000e5d80000,0x00000000e5d80000,0x00000000e6b00000)
 ParOldGen       total 81408K, used 17482K [0x0000000081600000, 0x0000000086580000, 0x00000000d5d00000)
  object space 81408K, 21% used [0x0000000081600000,0x0000000082712b48,0x0000000086580000)
 Metaspace       used 40214K, capacity 41908K, committed 42024K, reserved 1085440K
  class space    used 5258K, capacity 5602K, committed 5672K, reserved 1048576K
Event: 11.749 GC heap after
Heap after GC invocations=12 (full 2):
 PSYoungGen      total 247296K, used 12738K [0x00000000d5d00000, 0x00000000e6a00000, 0x0000000100000000)
  eden space 234496K, 0% used [0x00000000d5d00000,0x00000000d5d00000,0x00000000e4200000)
  from space 12800K, 99% used [0x00000000e5d80000,0x00000000e69f0ad0,0x00000000e6a00000)
  to   space 14848K, 0% used [0x00000000e4d00000,0x00000000e4d00000,0x00000000e5b80000)
 ParOldGen       total 81408K, used 17490K [0x0000000081600000, 0x0000000086580000, 0x00000000d5d00000)
  object space 81408K, 21% used [0x0000000081600000,0x0000000082714b48,0x0000000086580000)
 Metaspace       used 40214K, capacity 41908K, committed 42024K, reserved 1085440K
  class space    used 5258K, capacity 5602K, committed 5672K, reserved 1048576K
}
Event: 14.074 GC heap before
{Heap before GC invocations=13 (full 2):
 PSYoungGen      total 247296K, used 247234K [0x00000000d5d00000, 0x00000000e6a00000, 0x0000000100000000)
  eden space 234496K, 100% used [0x00000000d5d00000,0x00000000e4200000,0x00000000e4200000)
  from space 12800K, 99% used [0x00000000e5d80000,0x00000000e69f0ad0,0x00000000e6a00000)
  to   space 14848K, 0% used [0x00000000e4d00000,0x00000000e4d00000,0x00000000e5b80000)
 ParOldGen       total 81408K, used 17490K [0x0000000081600000, 0x0000000086580000, 0x00000000d5d00000)
  object space 81408K, 21% used [0x0000000081600000,0x0000000082714b48,0x0000000086580000)
 Metaspace       used 45861K, capacity 47958K, committed 48168K, reserved 1091584K
  class space    used 6004K, capacity 6394K, committed 6440K, reserved 1048576K
Event: 14.109 GC heap after
Heap after GC invocations=13 (full 2):
 PSYoungGen      total 260608K, used 11118K [0x00000000d5d00000, 0x00000000eb400000, 0x0000000100000000)
  eden space 245760K, 0% used [0x00000000d5d00000,0x00000000d5d00000,0x00000000e4d00000)
  from space 14848K, 74% used [0x00000000e4d00000,0x00000000e57dbbb8,0x00000000e5b80000)
  to   space 15360K, 0% used [0x00000000ea500000,0x00000000ea500000,0x00000000eb400000)
 ParOldGen       total 81408K, used 25215K [0x0000000081600000, 0x0000000086580000, 0x00000000d5d00000)
  object space 81408K, 30% used [0x0000000081600000,0x0000000082e9fdf8,0x0000000086580000)
 Metaspace       used 45861K, capacity 47958K, committed 48168K, reserved 1091584K
  class space    used 6004K, capacity 6394K, committed 6440K, reserved 1048576K
}
Event: 45.977 GC heap before
{Heap before GC invocations=14 (full 2):
 PSYoungGen      total 260608K, used 245131K [0x00000000d5d00000, 0x00000000eb400000, 0x0000000100000000)
  eden space 245760K, 95% used [0x00000000d5d00000,0x00000000e4187420,0x00000000e4d00000)
  from space 14848K, 74% used [0x00000000e4d00000,0x00000000e57dbbb8,0x00000000e5b80000)
  to   space 15360K, 0% used [0x00000000ea500000,0x00000000ea500000,0x00000000eb400000)
 ParOldGen       total 81408K, used 25215K [0x0000000081600000, 0x0000000086580000, 0x00000000d5d00000)
  object space 81408K, 30% used [0x0000000081600000,0x0000000082e9fdf8,0x0000000086580000)
 Metaspace       used 56409K, capacity 59012K, committed 59160K, reserved 1101824K
  class space    used 7277K, capacity 7769K, committed 7848K, reserved 1048576K
Event: 46.010 GC heap after
Heap after GC invocations=14 (full 2):
 PSYoungGen      total 334336K, used 14500K [0x00000000d5d00000, 0x00000000ebc00000, 0x0000000100000000)
  eden space 318976K, 0% used [0x00000000d5d00000,0x00000000d5d00000,0x00000000e9480000)
  from space 15360K, 94% used [0x00000000ea500000,0x00000000eb3292d8,0x00000000eb400000)
  to   space 16896K, 0% used [0x00000000e9480000,0x00000000e9480000,0x00000000ea500000)
 ParOldGen       total 81408K, used 30767K [0x0000000081600000, 0x0000000086580000, 0x00000000d5d00000)
  object space 81408K, 37% used [0x0000000081600000,0x000000008340bdb8,0x0000000086580000)
 Metaspace       used 56409K, capacity 59012K, committed 59160K, reserved 1101824K
  class space    used 7277K, capacity 7769K, committed 7848K, reserved 1048576K
}
Event: 46.010 GC heap before
{Heap before GC invocations=15 (full 3):
 PSYoungGen      total 334336K, used 14500K [0x00000000d5d00000, 0x00000000ebc00000, 0x0000000100000000)
  eden space 318976K, 0% used [0x00000000d5d00000,0x00000000d5d00000,0x00000000e9480000)
  from space 15360K, 94% used [0x00000000ea500000,0x00000000eb3292d8,0x00000000eb400000)
  to   space 16896K, 0% used [0x00000000e9480000,0x00000000e9480000,0x00000000ea500000)
 ParOldGen       total 81408K, used 30767K [0x0000000081600000, 0x0000000086580000, 0x00000000d5d00000)
  object space 81408K, 37% used [0x0000000081600000,0x000000008340bdb8,0x0000000086580000)
 Metaspace       used 56409K, capacity 59012K, committed 59160K, reserved 1101824K
  class space    used 7277K, capacity 7769K, committed 7848K, reserved 1048576K
Event: 46.429 GC heap after
Heap after GC invocations=15 (full 3):
 PSYoungGen      total 334336K, used 0K [0x00000000d5d00000, 0x00000000ebc00000, 0x0000000100000000)
  eden space 318976K, 0% used [0x00000000d5d00000,0x00000000d5d00000,0x00000000e9480000)
  from space 15360K, 0% used [0x00000000ea500000,0x00000000ea500000,0x00000000eb400000)
  to   space 16896K, 0% used [0x00000000e9480000,0x00000000e9480000,0x00000000ea500000)
 ParOldGen       total 123392K, used 42111K [0x0000000081600000, 0x0000000088e80000, 0x00000000d5d00000)
  object space 123392K, 34% used [0x0000000081600000,0x0000000083f1fc38,0x0000000088e80000)
 Metaspace       used 56405K, capacity 59006K, committed 59160K, reserved 1101824K
  class space    used 7277K, capacity 7768K, committed 7848K, reserved 1048576K
}
Event: 161.326 GC heap before
{Heap before GC invocations=16 (full 3):
 PSYoungGen      total 334336K, used 318976K [0x00000000d5d00000, 0x00000000ebc00000, 0x0000000100000000)
  eden space 318976K, 100% used [0x00000000d5d00000,0x00000000e9480000,0x00000000e9480000)
  from space 15360K, 0% used [0x00000000ea500000,0x00000000ea500000,0x00000000eb400000)
  to   space 16896K, 0% used [0x00000000e9480000,0x00000000e9480000,0x00000000ea500000)
 ParOldGen       total 123392K, used 42111K [0x0000000081600000, 0x0000000088e80000, 0x00000000d5d00000)
  object space 123392K, 34% used [0x0000000081600000,0x0000000083f1fc38,0x0000000088e80000)
 Metaspace       used 56552K, capacity 59256K, committed 59416K, reserved 1101824K
  class space    used 7296K, capacity 7804K, committed 7848K, reserved 1048576K
Event: 161.330 GC heap after
Heap after GC invocations=16 (full 3):
 PSYoungGen      total 335872K, used 960K [0x00000000d5d00000, 0x00000000f1880000, 0x0000000100000000)
  eden space 318976K, 0% used [0x00000000d5d00000,0x00000000d5d00000,0x00000000e9480000)
  from space 16896K, 5% used [0x00000000e9480000,0x00000000e9570000,0x00000000ea500000)
  to   space 17408K, 0% used [0x00000000f0780000,0x00000000f0780000,0x00000000f1880000)
 ParOldGen       total 123392K, used 42119K [0x0000000081600000, 0x0000000088e80000, 0x00000000d5d00000)
  object space 123392K, 34% used [0x0000000081600000,0x0000000083f21c38,0x0000000088e80000)
 Metaspace       used 56552K, capacity 59256K, committed 59416K, reserved 1101824K
  class space    used 7296K, capacity 7804K, committed 7848K, reserved 1048576K
}

