# JRE version: Java(TM) SE Runtime Environment (8.0_131-b11) (build 1.8.0_131-b11)
# Java VM: Java HotSpot(TM) 64-Bit Server VM (25.131-b11 mixed mode windows-amd64 compressed oops)
Heap:
 PSYoungGen      total 242176K, used 78950K [0x00000000d5d00000, 0x00000000e6780000, 0x0000000100000000)
  eden space 223744K, 27% used [0x00000000d5d00000,0x00000000d981a828,0x00000000e3780000)
  from space 18432K, 99% used [0x00000000e4f80000,0x00000000e617f068,0x00000000e6180000)
  to   space 24576K, 0% used [0x00000000e3780000,0x00000000e3780000,0x00000000e4f80000)
 ParOldGen       total 98816K, used 35411K [0x0000000081600000, 0x0000000087680000, 0x00000000d5d00000)
  object space 98816K, 35% used [0x0000000081600000,0x0000000083894ea8,0x0000000087680000)
 Metaspace       used 55894K, capacity 58434K, committed 58664K, reserved 1099776K
  class space    used 7190K, capacity 7649K, committed 7728K, reserved 1048576K
GC Heap History (10 events):
Event: 9.845 GC heap before
{Heap before GC invocations=10 (full 2):
 PSYoungGen      total 165888K, used 12272K [0x00000000d5d00000, 0x00000000e3080000, 0x0000000100000000)
  eden space 153600K, 0% used [0x00000000d5d00000,0x00000000d5d00000,0x00000000df300000)
  from space 12288K, 99% used [0x00000000e0080000,0x00000000e0c7c3d8,0x00000000e0c80000)
  to   space 13824K, 0% used [0x00000000df300000,0x00000000df300000,0x00000000e0080000)
 ParOldGen       total 65024K, used 13103K [0x0000000081600000, 0x0000000085580000, 0x00000000d5d00000)
  object space 65024K, 20% used [0x0000000081600000,0x00000000822cbf60,0x0000000085580000)
 Metaspace       used 34231K, capacity 35410K, committed 35496K, reserved 1079296K
  class space    used 4480K, capacity 4777K, committed 4784K, reserved 1048576K
Event: 10.024 GC heap after
Heap after GC invocations=10 (full 2):
 PSYoungGen      total 165888K, used 0K [0x00000000d5d00000, 0x00000000e3080000, 0x0000000100000000)
  eden space 153600K, 0% used [0x00000000d5d00000,0x00000000d5d00000,0x00000000df300000)
  from space 12288K, 0% used [0x00000000e0080000,0x00000000e0080000,0x00000000e0c80000)
  to   space 13824K, 0% used [0x00000000df300000,0x00000000df300000,0x00000000e0080000)
 ParOldGen       total 98816K, used 20702K [0x0000000081600000, 0x0000000087680000, 0x00000000d5d00000)
  object space 98816K, 20% used [0x0000000081600000,0x0000000082a37af0,0x0000000087680000)
 Metaspace       used 34231K, capacity 35410K, committed 35496K, reserved 1079296K
  class space    used 4480K, capacity 4777K, committed 4784K, reserved 1048576K
}
Event: 11.657 GC heap before
{Heap before GC invocations=11 (full 2):
 PSYoungGen      total 165888K, used 153600K [0x00000000d5d00000, 0x00000000e3080000, 0x0000000100000000)
  eden space 153600K, 100% used [0x00000000d5d00000,0x00000000df300000,0x00000000df300000)
  from space 12288K, 0% used [0x00000000e0080000,0x00000000e0080000,0x00000000e0c80000)
  to   space 13824K, 0% used [0x00000000df300000,0x00000000df300000,0x00000000e0080000)
 ParOldGen       total 98816K, used 20702K [0x0000000081600000, 0x0000000087680000, 0x00000000d5d00000)
  object space 98816K, 20% used [0x0000000081600000,0x0000000082a37af0,0x0000000087680000)
 Metaspace       used 39463K, capacity 41160K, committed 41384K, reserved 1085440K
  class space    used 5145K, capacity 5502K, committed 5552K, reserved 1048576K
Event: 11.674 GC heap after
Heap after GC invocations=11 (full 2):
 PSYoungGen      total 167424K, used 11546K [0x00000000d5d00000, 0x00000000e3480000, 0x0000000100000000)
  eden space 153600K, 0% used [0x00000000d5d00000,0x00000000d5d00000,0x00000000df300000)
  from space 13824K, 83% used [0x00000000df300000,0x00000000dfe468b0,0x00000000e0080000)
  to   space 14848K, 0% used [0x00000000e2600000,0x00000000e2600000,0x00000000e3480000)
 ParOldGen       total 98816K, used 20710K [0x0000000081600000, 0x0000000087680000, 0x00000000d5d00000)
  object space 98816K, 20% used [0x0000000081600000,0x0000000082a39af0,0x0000000087680000)
 Metaspace       used 39463K, capacity 41160K, committed 41384K, reserved 1085440K
  class space    used 5145K, capacity 5502K, committed 5552K, reserved 1048576K
}
Event: 12.567 GC heap before
{Heap before GC invocations=12 (full 2):
 PSYoungGen      total 167424K, used 165146K [0x00000000d5d00000, 0x00000000e3480000, 0x0000000100000000)
  eden space 153600K, 100% used [0x00000000d5d00000,0x00000000df300000,0x00000000df300000)
  from space 13824K, 83% used [0x00000000df300000,0x00000000dfe468b0,0x00000000e0080000)
  to   space 14848K, 0% used [0x00000000e2600000,0x00000000e2600000,0x00000000e3480000)
 ParOldGen       total 98816K, used 20710K [0x0000000081600000, 0x0000000087680000, 0x00000000d5d00000)
  object space 98816K, 20% used [0x0000000081600000,0x0000000082a39af0,0x0000000087680000)
 Metaspace       used 40414K, capacity 42112K, committed 42280K, reserved 1085440K
  class space    used 5275K, capacity 5604K, committed 5680K, reserved 1048576K
Event: 12.585 GC heap after
Heap after GC invocations=12 (full 2):
 PSYoungGen      total 202752K, used 10321K [0x00000000d5d00000, 0x00000000e3300000, 0x0000000100000000)
  eden space 189440K, 0% used [0x00000000d5d00000,0x00000000d5d00000,0x00000000e1600000)
  from space 13312K, 77% used [0x00000000e2600000,0x00000000e3014460,0x00000000e3300000)
  to   space 14848K, 0% used [0x00000000e1600000,0x00000000e1600000,0x00000000e2480000)
 ParOldGen       total 98816K, used 20718K [0x0000000081600000, 0x0000000087680000, 0x00000000d5d00000)
  object space 98816K, 20% used [0x0000000081600000,0x0000000082a3baf0,0x0000000087680000)
 Metaspace       used 40414K, capacity 42112K, committed 42280K, reserved 1085440K
  class space    used 5275K, capacity 5604K, committed 5680K, reserved 1048576K
}
Event: 15.711 GC heap before
{Heap before GC invocations=13 (full 2):
 PSYoungGen      total 202752K, used 199761K [0x00000000d5d00000, 0x00000000e3300000, 0x0000000100000000)
  eden space 189440K, 100% used [0x00000000d5d00000,0x00000000e1600000,0x00000000e1600000)
  from space 13312K, 77% used [0x00000000e2600000,0x00000000e3014460,0x00000000e3300000)
  to   space 14848K, 0% used [0x00000000e1600000,0x00000000e1600000,0x00000000e2480000)
 ParOldGen       total 98816K, used 20718K [0x0000000081600000, 0x0000000087680000, 0x00000000d5d00000)
  object space 98816K, 20% used [0x0000000081600000,0x0000000082a3baf0,0x0000000087680000)
 Metaspace       used 46545K, capacity 48686K, committed 48808K, reserved 1091584K
  class space    used 6103K, capacity 6492K, committed 6576K, reserved 1048576K
Event: 15.748 GC heap after
Heap after GC invocations=13 (full 2):
 PSYoungGen      total 204288K, used 14817K [0x00000000d5d00000, 0x00000000e6180000, 0x0000000100000000)
  eden space 189440K, 0% used [0x00000000d5d00000,0x00000000d5d00000,0x00000000e1600000)
  from space 14848K, 99% used [0x00000000e1600000,0x00000000e2478568,0x00000000e2480000)
  to   space 18432K, 0% used [0x00000000e4f80000,0x00000000e4f80000,0x00000000e6180000)
 ParOldGen       total 98816K, used 26006K [0x0000000081600000, 0x0000000087680000, 0x00000000d5d00000)
  object space 98816K, 26% used [0x0000000081600000,0x0000000082f65940,0x0000000087680000)
 Metaspace       used 46545K, capacity 48686K, committed 48808K, reserved 1091584K
  class space    used 6103K, capacity 6492K, committed 6576K, reserved 1048576K
}
Event: 41.735 GC heap before
{Heap before GC invocations=14 (full 2):
 PSYoungGen      total 204288K, used 204257K [0x00000000d5d00000, 0x00000000e6180000, 0x0000000100000000)
  eden space 189440K, 100% used [0x00000000d5d00000,0x00000000e1600000,0x00000000e1600000)
  from space 14848K, 99% used [0x00000000e1600000,0x00000000e2478568,0x00000000e2480000)
  to   space 18432K, 0% used [0x00000000e4f80000,0x00000000e4f80000,0x00000000e6180000)
 ParOldGen       total 98816K, used 26006K [0x0000000081600000, 0x0000000087680000, 0x00000000d5d00000)
  object space 98816K, 26% used [0x0000000081600000,0x0000000082f65940,0x0000000087680000)
 Metaspace       used 55865K, capacity 58434K, committed 58664K, reserved 1099776K
  class space    used 7187K, capacity 7649K, committed 7728K, reserved 1048576K
Event: 41.782 GC heap after
Heap after GC invocations=14 (full 2):
 PSYoungGen      total 242176K, used 18428K [0x00000000d5d00000, 0x00000000e6780000, 0x0000000100000000)
  eden space 223744K, 0% used [0x00000000d5d00000,0x00000000d5d00000,0x00000000e3780000)
  from space 18432K, 99% used [0x00000000e4f80000,0x00000000e617f068,0x00000000e6180000)
  to   space 24576K, 0% used [0x00000000e3780000,0x00000000e3780000,0x00000000e4f80000)
 ParOldGen       total 98816K, used 35411K [0x0000000081600000, 0x0000000087680000, 0x00000000d5d00000)
  object space 98816K, 35% used [0x0000000081600000,0x0000000083894ea8,0x0000000087680000)
 Metaspace       used 55865K, capacity 58434K, committed 58664K, reserved 1099776K
  class space    used 7187K, capacity 7649K, committed 7728K, reserved 1048576K
}

